<?xml version="1.0" encoding="UTF-8"?>
<testng-results ignored="0" total="1" passed="1" failed="0" skipped="0">
  <reporter-output>
  </reporter-output>
  <suite started-at="2020-11-03T22:49:43 IST" name="Default suite" finished-at="2020-11-03T22:49:44 IST" duration-ms="1787">
    <groups>
    </groups>
    <test started-at="2020-11-03T22:49:43 IST" name="Default test" finished-at="2020-11-03T22:49:44 IST" duration-ms="1787">
      <class name="functionaltesting.PostRequestAutomation">
        <test-method signature="getRequestAutomation()[pri:0, instance:functionaltesting.PostRequestAutomation@7c83dc97]" started-at="2020-11-03T22:49:43 IST" name="getRequestAutomation" finished-at="2020-11-03T22:49:44 IST" duration-ms="1756" status="PASS">
          <reporter-output>
          </reporter-output>
        </test-method> <!-- getRequestAutomation -->
      </class> <!-- functionaltesting.PostRequestAutomation -->
    </test> <!-- Default test -->
  </suite> <!-- Default suite -->
</testng-results>
